# JRE version: OpenJDK Runtime Environment (8.0_76-b03) (build 1.8.0_76-release-b03)
# Java VM: OpenJDK 64-Bit Server VM (25.76-b03 mixed mode windows-amd64 compressed oops)
Heap:
 PSYoungGen      total 240128K, used 228507K [0x00000000e0000000, 0x00000000f0000000, 0x0000000100000000)
  eden space 218112K, 94% used [0x00000000e0000000,0x00000000ec9a9250,0x00000000ed500000)
  from space 22016K, 99% used [0x00000000ed500000,0x00000000eea7db60,0x00000000eea80000)
  to   space 10752K, 0% used [0x00000000ef580000,0x00000000ef580000,0x00000000f0000000)
 ParOldGen       total 129024K, used 59356K [0x00000000a0000000, 0x00000000a7e00000, 0x00000000e0000000)
  object space 129024K, 46% used [0x00000000a0000000,0x00000000a39f70b0,0x00000000a7e00000)
 Metaspace       used 67899K, capacity 70726K, committed 70912K, reserved 1110016K
  class space    used 8829K, capacity 9455K, committed 9472K, reserved 1048576K
GC Heap History (10 events):
Event: 17.665 GC heap before
{Heap before GC invocations=14 (full 2):
 PSYoungGen      total 120832K, used 120828K [0x00000000e0000000, 0x00000000eb780000, 0x0000000100000000)
  eden space 110080K, 100% used [0x00000000e0000000,0x00000000e6b80000,0x00000000e6b80000)
  from space 10752K, 99% used [0x00000000e6b80000,0x00000000e75ff3b8,0x00000000e7600000)
  to   space 12288K, 0% used [0x00000000eab80000,0x00000000eab80000,0x00000000eb780000)
 ParOldGen       total 76800K, used 16270K [0x00000000a0000000, 0x00000000a4b00000, 0x00000000e0000000)
  object space 76800K, 21% used [0x00000000a0000000,0x00000000a0fe3938,0x00000000a4b00000)
 Metaspace       used 52242K, capacity 53946K, committed 54016K, reserved 1095680K
  class space    used 7012K, capacity 7410K, committed 7424K, reserved 1048576K
Event: 17.715 GC heap after
Heap after GC invocations=14 (full 2):
 PSYoungGen      total 171520K, used 12256K [0x00000000e0000000, 0x00000000ebd80000, 0x0000000100000000)
  eden space 159232K, 0% used [0x00000000e0000000,0x00000000e0000000,0x00000000e9b80000)
  from space 12288K, 99% used [0x00000000eab80000,0x00000000eb778210,0x00000000eb780000)
  to   space 16384K, 0% used [0x00000000e9b80000,0x00000000e9b80000,0x00000000eab80000)
 ParOldGen       total 76800K, used 23825K [0x00000000a0000000, 0x00000000a4b00000, 0x00000000e0000000)
  object space 76800K, 31% used [0x00000000a0000000,0x00000000a17446a0,0x00000000a4b00000)
 Metaspace       used 52242K, capacity 53946K, committed 54016K, reserved 1095680K
  class space    used 7012K, capacity 7410K, committed 7424K, reserved 1048576K
}
Event: 27.575 GC heap before
{Heap before GC invocations=15 (full 2):
 PSYoungGen      total 171520K, used 171488K [0x00000000e0000000, 0x00000000ebd80000, 0x0000000100000000)
  eden space 159232K, 100% used [0x00000000e0000000,0x00000000e9b80000,0x00000000e9b80000)
  from space 12288K, 99% used [0x00000000eab80000,0x00000000eb778210,0x00000000eb780000)
  to   space 16384K, 0% used [0x00000000e9b80000,0x00000000e9b80000,0x00000000eab80000)
 ParOldGen       total 76800K, used 23825K [0x00000000a0000000, 0x00000000a4b00000, 0x00000000e0000000)
  object space 76800K, 31% used [0x00000000a0000000,0x00000000a17446a0,0x00000000a4b00000)
 Metaspace       used 56591K, capacity 58908K, committed 59028K, reserved 1099776K
  class space    used 7571K, capacity 8124K, committed 8192K, reserved 1048576K
Event: 27.610 GC heap after
Heap after GC invocations=15 (full 2):
 PSYoungGen      total 175616K, used 16368K [0x00000000e0000000, 0x00000000f0c00000, 0x0000000100000000)
  eden space 159232K, 0% used [0x00000000e0000000,0x00000000e0000000,0x00000000e9b80000)
  from space 16384K, 99% used [0x00000000e9b80000,0x00000000eab7c240,0x00000000eab80000)
  to   space 23040K, 0% used [0x00000000ef580000,0x00000000ef580000,0x00000000f0c00000)
 ParOldGen       total 76800K, used 36350K [0x00000000a0000000, 0x00000000a4b00000, 0x00000000e0000000)
  object space 76800K, 47% used [0x00000000a0000000,0x00000000a237f8c0,0x00000000a4b00000)
 Metaspace       used 56591K, capacity 58908K, committed 59028K, reserved 1099776K
  class space    used 7571K, capacity 8124K, committed 8192K, reserved 1048576K
}
Event: 27.610 GC heap before
{Heap before GC invocations=16 (full 3):
 PSYoungGen      total 175616K, used 16368K [0x00000000e0000000, 0x00000000f0c00000, 0x0000000100000000)
  eden space 159232K, 0% used [0x00000000e0000000,0x00000000e0000000,0x00000000e9b80000)
  from space 16384K, 99% used [0x00000000e9b80000,0x00000000eab7c240,0x00000000eab80000)
  to   space 23040K, 0% used [0x00000000ef580000,0x00000000ef580000,0x00000000f0c00000)
 ParOldGen       total 76800K, used 36350K [0x00000000a0000000, 0x00000000a4b00000, 0x00000000e0000000)
  object space 76800K, 47% used [0x00000000a0000000,0x00000000a237f8c0,0x00000000a4b00000)
 Metaspace       used 56591K, capacity 58908K, committed 59028K, reserved 1099776K
  class space    used 7571K, capacity 8124K, committed 8192K, reserved 1048576K
Event: 27.965 GC heap after
Heap after GC invocations=16 (full 3):
 PSYoungGen      total 175616K, used 0K [0x00000000e0000000, 0x00000000f0c00000, 0x0000000100000000)
  eden space 159232K, 0% used [0x00000000e0000000,0x00000000e0000000,0x00000000e9b80000)
  from space 16384K, 0% used [0x00000000e9b80000,0x00000000e9b80000,0x00000000eab80000)
  to   space 23040K, 0% used [0x00000000ef580000,0x00000000ef580000,0x00000000f0c00000)
 ParOldGen       total 129024K, used 49446K [0x00000000a0000000, 0x00000000a7e00000, 0x00000000e0000000)
  object space 129024K, 38% used [0x00000000a0000000,0x00000000a3049828,0x00000000a7e00000)
 Metaspace       used 56591K, capacity 58908K, committed 59028K, reserved 1099776K
  class space    used 7571K, capacity 8124K, committed 8192K, reserved 1048576K
}
Event: 45.984 GC heap before
{Heap before GC invocations=17 (full 3):
 PSYoungGen      total 175616K, used 159232K [0x00000000e0000000, 0x00000000f0c00000, 0x0000000100000000)
  eden space 159232K, 100% used [0x00000000e0000000,0x00000000e9b80000,0x00000000e9b80000)
  from space 16384K, 0% used [0x00000000e9b80000,0x00000000e9b80000,0x00000000eab80000)
  to   space 23040K, 0% used [0x00000000ef580000,0x00000000ef580000,0x00000000f0c00000)
 ParOldGen       total 129024K, used 49446K [0x00000000a0000000, 0x00000000a7e00000, 0x00000000e0000000)
  object space 129024K, 38% used [0x00000000a0000000,0x00000000a3049828,0x00000000a7e00000)
 Metaspace       used 61187K, capacity 63614K, committed 63744K, reserved 1103872K
  class space    used 8106K, capacity 8655K, committed 8704K, reserved 1048576K
Event: 45.999 GC heap after
Heap after GC invocations=17 (full 3):
 PSYoungGen      total 228864K, used 8695K [0x00000000e0000000, 0x00000000f0000000, 0x0000000100000000)
  eden space 218112K, 0% used [0x00000000e0000000,0x00000000e0000000,0x00000000ed500000)
  from space 10752K, 80% used [0x00000000ef580000,0x00000000efdfdea8,0x00000000f0000000)
  to   space 22016K, 0% used [0x00000000ed500000,0x00000000ed500000,0x00000000eea80000)
 ParOldGen       total 129024K, used 49454K [0x00000000a0000000, 0x00000000a7e00000, 0x00000000e0000000)
  object space 129024K, 38% used [0x00000000a0000000,0x00000000a304b828,0x00000000a7e00000)
 Metaspace       used 61187K, capacity 63614K, committed 63744K, reserved 1103872K
  class space    used 8106K, capacity 8655K, committed 8704K, reserved 1048576K
}
Event: 48.584 GC heap before
{Heap before GC invocations=18 (full 3):
 PSYoungGen      total 228864K, used 226807K [0x00000000e0000000, 0x00000000f0000000, 0x0000000100000000)
  eden space 218112K, 100% used [0x00000000e0000000,0x00000000ed500000,0x00000000ed500000)
  from space 10752K, 80% used [0x00000000ef580000,0x00000000efdfdea8,0x00000000f0000000)
  to   space 22016K, 0% used [0x00000000ed500000,0x00000000ed500000,0x00000000eea80000)
 ParOldGen       total 129024K, used 49454K [0x00000000a0000000, 0x00000000a7e00000, 0x00000000e0000000)
  object space 129024K, 38% used [0x00000000a0000000,0x00000000a304b828,0x00000000a7e00000)
 Metaspace       used 61800K, capacity 64248K, committed 64512K, reserved 1105920K
  class space    used 8146K, capacity 8692K, committed 8704K, reserved 1048576K
Event: 48.630 GC heap after
Heap after GC invocations=18 (full 3):
 PSYoungGen      total 240128K, used 22006K [0x00000000e0000000, 0x00000000f0000000, 0x0000000100000000)
  eden space 218112K, 0% used [0x00000000e0000000,0x00000000e0000000,0x00000000ed500000)
  from space 22016K, 99% used [0x00000000ed500000,0x00000000eea7db60,0x00000000eea80000)
  to   space 10752K, 0% used [0x00000000ef580000,0x00000000ef580000,0x00000000f0000000)
 ParOldGen       total 129024K, used 59356K [0x00000000a0000000, 0x00000000a7e00000, 0x00000000e0000000)
  object space 129024K, 46% used [0x00000000a0000000,0x00000000a39f70b0,0x00000000a7e00000)
 Metaspace       used 61800K, capacity 64248K, committed 64512K, reserved 1105920K
  class space    used 8146K, capacity 8692K, committed 8704K, reserved 1048576K
}

